This file contains any messages produced by compilers while
running configure, to aid debugging if configure makes a mistake.

It was created by xf86-video-intel configure 2.15.0, which was
generated by GNU Autoconf 2.68.  Invocation command line was

  $ ./configure --enable-sna

## --------- ##
## Platform. ##
## --------- ##

hostname = Cygnus
uname -m = x86_64
uname -r = 2.6.39-2-amd64
uname -s = Linux
uname -v = #1 SMP Wed Jun 8 11:01:04 UTC 2011

/usr/bin/uname -p = unknown
/bin/uname -X     = unknown

/bin/arch              = unknown
/usr/bin/arch -k       = unknown
/usr/convex/getsysinfo = unknown
/usr/bin/hostinfo      = unknown
/bin/machine           = unknown
/usr/bin/oslevel       = unknown
/bin/universe          = unknown

PATH: /home/cbrulebois/bin
PATH: /usr/local/bin
PATH: /usr/bin
PATH: /bin
PATH: /usr/games


## ----------- ##
## Core tests. ##
## ----------- ##

configure:2425: checking for a BSD-compatible install
configure:2493: result: /usr/bin/install -c
configure:2504: checking whether build environment is sane
configure:2554: result: yes
configure:2695: checking for a thread-safe mkdir -p
configure:2734: result: /bin/mkdir -p
configure:2747: checking for gawk
configure:2763: found /usr/bin/gawk
configure:2774: result: gawk
configure:2785: checking whether make sets $(MAKE)
configure:2807: result: yes
configure:2888: checking whether to disable maintainer-specific portions of Makefiles
configure:2897: result: yes
configure:2952: checking for style of include used by make
configure:2980: result: GNU
configure:3050: checking for gcc
configure:3066: found /usr/bin/gcc
configure:3077: result: gcc
configure:3306: checking for C compiler version
configure:3315: gcc --version >&5
gcc (Debian 4.6.0-14) 4.6.1 20110616 (prerelease)
Copyright (C) 2011 Free Software Foundation, Inc.
This is free software; see the source for copying conditions.  There is NO
warranty; not even for MERCHANTABILITY or FITNESS FOR A PARTICULAR PURPOSE.

configure:3326: $? = 0
configure:3315: gcc -v >&5
Using built-in specs.
COLLECT_GCC=gcc
COLLECT_LTO_WRAPPER=/usr/lib/x86_64-linux-gnu/gcc/x86_64-linux-gnu/4.6.1/lto-wrapper
Target: x86_64-linux-gnu
Configured with: ../src/configure -v --with-pkgversion='Debian 4.6.0-14' --with-bugurl=file:///usr/share/doc/gcc-4.6/README.Bugs --enable-languages=c,c++,fortran,objc,obj-c++,go --prefix=/usr --program-suffix=-4.6 --enable-shared --enable-multiarch --with-multiarch-defaults=x86_64-linux-gnu --enable-linker-build-id --with-system-zlib --libexecdir=/usr/lib/x86_64-linux-gnu --without-included-gettext --enable-threads=posix --with-gxx-include-dir=/usr/include/c++/4.6 --libdir=/usr/lib/x86_64-linux-gnu --enable-nls --enable-clocale=gnu --enable-libstdcxx-debug --enable-libstdcxx-time=yes --enable-plugin --enable-objc-gc --with-arch-32=i586 --with-tune=generic --enable-checking=release --build=x86_64-linux-gnu --host=x86_64-linux-gnu --target=x86_64-linux-gnu
Thread model: posix
gcc version 4.6.1 20110616 (prerelease) (Debian 4.6.0-14) 
configure:3326: $? = 0
configure:3315: gcc -V >&5
gcc: error: unrecognized option '-V'
gcc: fatal error: no input files
compilation terminated.
configure:3326: $? = 1
configure:3315: gcc -qversion >&5
gcc: error: unrecognized option '-qversion'
gcc: fatal error: no input files
compilation terminated.
configure:3326: $? = 1
configure:3346: checking whether the C compiler works
configure:3368: gcc    conftest.c  >&5
configure:3372: $? = 0
configure:3420: result: yes
configure:3423: checking for C compiler default output file name
configure:3425: result: a.out
configure:3431: checking for suffix of executables
configure:3438: gcc -o conftest    conftest.c  >&5
configure:3442: $? = 0
configure:3464: result: 
configure:3486: checking whether we are cross compiling
configure:3494: gcc -o conftest    conftest.c  >&5
configure:3498: $? = 0
configure:3505: ./conftest
configure:3509: $? = 0
configure:3524: result: no
configure:3529: checking for suffix of object files
configure:3551: gcc -c   conftest.c >&5
configure:3555: $? = 0
configure:3576: result: o
configure:3580: checking whether we are using the GNU C compiler
configure:3599: gcc -c   conftest.c >&5
configure:3599: $? = 0
configure:3608: result: yes
configure:3617: checking whether gcc accepts -g
configure:3637: gcc -c -g  conftest.c >&5
configure:3637: $? = 0
configure:3678: result: yes
configure:3695: checking for gcc option to accept ISO C89
configure:3759: gcc  -c -g -O2  conftest.c >&5
configure:3759: $? = 0
configure:3772: result: none needed
configure:3794: checking dependency style of gcc
configure:3904: result: gcc3
configure:3919: checking for gcc option to accept ISO C99
configure:4068: gcc  -c -g -O2  conftest.c >&5
conftest.c:61:29: error: expected ';', ',' or ')' before 'text'
conftest.c: In function 'main':
conftest.c:115:18: error: expected '=', ',', ';', 'asm' or '__attribute__' before 'newvar'
conftest.c:115:18: error: 'newvar' undeclared (first use in this function)
conftest.c:115:18: note: each undeclared identifier is reported only once for each function it appears in
conftest.c:125:3: error: 'for' loop initial declarations are only allowed in C99 mode
conftest.c:125:3: note: use option -std=c99 or -std=gnu99 to compile your code
configure:4068: $? = 1
configure: failed program was:
| /* confdefs.h */
| #define PACKAGE_NAME "xf86-video-intel"
| #define PACKAGE_TARNAME "xf86-video-intel"
| #define PACKAGE_VERSION "2.15.0"
| #define PACKAGE_STRING "xf86-video-intel 2.15.0"
| #define PACKAGE_BUGREPORT "https://bugs.freedesktop.org/enter_bug.cgi?product=xorg"
| #define PACKAGE_URL ""
| #define PACKAGE "xf86-video-intel"
| #define VERSION "2.15.0"
| /* end confdefs.h.  */
| #include <stdarg.h>
| #include <stdbool.h>
| #include <stdlib.h>
| #include <wchar.h>
| #include <stdio.h>
| 
| // Check varargs macros.  These examples are taken from C99 6.10.3.5.
| #define debug(...) fprintf (stderr, __VA_ARGS__)
| #define showlist(...) puts (#__VA_ARGS__)
| #define report(test,...) ((test) ? puts (#test) : printf (__VA_ARGS__))
| static void
| test_varargs_macros (void)
| {
|   int x = 1234;
|   int y = 5678;
|   debug ("Flag");
|   debug ("X = %d\n", x);
|   showlist (The first, second, and third items.);
|   report (x>y, "x is %d but y is %d", x, y);
| }
| 
| // Check long long types.
| #define BIG64 18446744073709551615ull
| #define BIG32 4294967295ul
| #define BIG_OK (BIG64 / BIG32 == 4294967297ull && BIG64 % BIG32 == 0)
| #if !BIG_OK
|   your preprocessor is broken;
| #endif
| #if BIG_OK
| #else
|   your preprocessor is broken;
| #endif
| static long long int bignum = -9223372036854775807LL;
| static unsigned long long int ubignum = BIG64;
| 
| struct incomplete_array
| {
|   int datasize;
|   double data[];
| };
| 
| struct named_init {
|   int number;
|   const wchar_t *name;
|   double average;
| };
| 
| typedef const char *ccp;
| 
| static inline int
| test_restrict (ccp restrict text)
| {
|   // See if C++-style comments work.
|   // Iterate through items via the restricted pointer.
|   // Also check for declarations in for loops.
|   for (unsigned int i = 0; *(text+i) != '\0'; ++i)
|     continue;
|   return 0;
| }
| 
| // Check varargs and va_copy.
| static void
| test_varargs (const char *format, ...)
| {
|   va_list args;
|   va_start (args, format);
|   va_list args_copy;
|   va_copy (args_copy, args);
| 
|   const char *str;
|   int number;
|   float fnumber;
| 
|   while (*format)
|     {
|       switch (*format++)
| 	{
| 	case 's': // string
| 	  str = va_arg (args_copy, const char *);
| 	  break;
| 	case 'd': // int
| 	  number = va_arg (args_copy, int);
| 	  break;
| 	case 'f': // float
| 	  fnumber = va_arg (args_copy, double);
| 	  break;
| 	default:
| 	  break;
| 	}
|     }
|   va_end (args_copy);
|   va_end (args);
| }
| 
| int
| main ()
| {
| 
|   // Check bool.
|   _Bool success = false;
| 
|   // Check restrict.
|   if (test_restrict ("String literal") == 0)
|     success = true;
|   char *restrict newvar = "Another string";
| 
|   // Check varargs.
|   test_varargs ("s, d' f .", "string", 65, 34.234);
|   test_varargs_macros ();
| 
|   // Check flexible array members.
|   struct incomplete_array *ia =
|     malloc (sizeof (struct incomplete_array) + (sizeof (double) * 10));
|   ia->datasize = 10;
|   for (int i = 0; i < ia->datasize; ++i)
|     ia->data[i] = i * 1.234;
| 
|   // Check named initializers.
|   struct named_init ni = {
|     .number = 34,
|     .name = L"Test wide string",
|     .average = 543.34343,
|   };
| 
|   ni.number = 58;
| 
|   int dynamic_array[ni.number];
|   dynamic_array[ni.number - 1] = 543;
| 
|   // work around unused variable warnings
|   return (!success || bignum == 0LL || ubignum == 0uLL || newvar[0] == 'x'
| 	  || dynamic_array[ni.number - 1] != 543);
| 
|   ;
|   return 0;
| }
configure:4068: gcc -std=gnu99 -c -g -O2  conftest.c >&5
configure:4068: $? = 0
configure:4088: result: -std=gnu99
configure:4102: checking how to run the C preprocessor
configure:4133: gcc -std=gnu99 -E  conftest.c
configure:4133: $? = 0
configure:4147: gcc -std=gnu99 -E  conftest.c
conftest.c:11:28: fatal error: ac_nonexistent.h: No such file or directory
compilation terminated.
configure:4147: $? = 1
configure: failed program was:
| /* confdefs.h */
| #define PACKAGE_NAME "xf86-video-intel"
| #define PACKAGE_TARNAME "xf86-video-intel"
| #define PACKAGE_VERSION "2.15.0"
| #define PACKAGE_STRING "xf86-video-intel 2.15.0"
| #define PACKAGE_BUGREPORT "https://bugs.freedesktop.org/enter_bug.cgi?product=xorg"
| #define PACKAGE_URL ""
| #define PACKAGE "xf86-video-intel"
| #define VERSION "2.15.0"
| /* end confdefs.h.  */
| #include <ac_nonexistent.h>
configure:4172: result: gcc -std=gnu99 -E
configure:4192: gcc -std=gnu99 -E  conftest.c
configure:4192: $? = 0
configure:4206: gcc -std=gnu99 -E  conftest.c
conftest.c:11:28: fatal error: ac_nonexistent.h: No such file or directory
compilation terminated.
configure:4206: $? = 1
configure: failed program was:
| /* confdefs.h */
| #define PACKAGE_NAME "xf86-video-intel"
| #define PACKAGE_TARNAME "xf86-video-intel"
| #define PACKAGE_VERSION "2.15.0"
| #define PACKAGE_STRING "xf86-video-intel 2.15.0"
| #define PACKAGE_BUGREPORT "https://bugs.freedesktop.org/enter_bug.cgi?product=xorg"
| #define PACKAGE_URL ""
| #define PACKAGE "xf86-video-intel"
| #define VERSION "2.15.0"
| /* end confdefs.h.  */
| #include <ac_nonexistent.h>
configure:4235: checking for grep that handles long lines and -e
configure:4293: result: /bin/grep
configure:4298: checking for egrep
configure:4360: result: /bin/grep -E
configure:4365: checking for ANSI C header files
configure:4385: gcc -std=gnu99 -c -g -O2  conftest.c >&5
configure:4385: $? = 0
configure:4458: gcc -std=gnu99 -o conftest -g -O2   conftest.c  >&5
configure:4458: $? = 0
configure:4458: ./conftest
configure:4458: $? = 0
configure:4469: result: yes
configure:4482: checking for sys/types.h
configure:4482: gcc -std=gnu99 -c -g -O2  conftest.c >&5
configure:4482: $? = 0
configure:4482: result: yes
configure:4482: checking for sys/stat.h
configure:4482: gcc -std=gnu99 -c -g -O2  conftest.c >&5
configure:4482: $? = 0
configure:4482: result: yes
configure:4482: checking for stdlib.h
configure:4482: gcc -std=gnu99 -c -g -O2  conftest.c >&5
configure:4482: $? = 0
configure:4482: result: yes
configure:4482: checking for string.h
configure:4482: gcc -std=gnu99 -c -g -O2  conftest.c >&5
configure:4482: $? = 0
configure:4482: result: yes
configure:4482: checking for memory.h
configure:4482: gcc -std=gnu99 -c -g -O2  conftest.c >&5
configure:4482: $? = 0
configure:4482: result: yes
configure:4482: checking for strings.h
configure:4482: gcc -std=gnu99 -c -g -O2  conftest.c >&5
configure:4482: $? = 0
configure:4482: result: yes
configure:4482: checking for inttypes.h
configure:4482: gcc -std=gnu99 -c -g -O2  conftest.c >&5
configure:4482: $? = 0
configure:4482: result: yes
configure:4482: checking for stdint.h
configure:4482: gcc -std=gnu99 -c -g -O2  conftest.c >&5
configure:4482: $? = 0
configure:4482: result: yes
configure:4482: checking for unistd.h
configure:4482: gcc -std=gnu99 -c -g -O2  conftest.c >&5
configure:4482: $? = 0
configure:4482: result: yes
configure:4496: checking whether __clang__ is declared
configure:4496: gcc -std=gnu99 -c -g -O2  conftest.c >&5
conftest.c: In function 'main':
conftest.c:61:10: error: '__clang__' undeclared (first use in this function)
conftest.c:61:10: note: each undeclared identifier is reported only once for each function it appears in
configure:4496: $? = 1
configure: failed program was:
| /* confdefs.h */
| #define PACKAGE_NAME "xf86-video-intel"
| #define PACKAGE_TARNAME "xf86-video-intel"
| #define PACKAGE_VERSION "2.15.0"
| #define PACKAGE_STRING "xf86-video-intel 2.15.0"
| #define PACKAGE_BUGREPORT "https://bugs.freedesktop.org/enter_bug.cgi?product=xorg"
| #define PACKAGE_URL ""
| #define PACKAGE "xf86-video-intel"
| #define VERSION "2.15.0"
| #define STDC_HEADERS 1
| #define HAVE_SYS_TYPES_H 1
| #define HAVE_SYS_STAT_H 1
| #define HAVE_STDLIB_H 1
| #define HAVE_STRING_H 1
| #define HAVE_MEMORY_H 1
| #define HAVE_STRINGS_H 1
| #define HAVE_INTTYPES_H 1
| #define HAVE_STDINT_H 1
| #define HAVE_UNISTD_H 1
| /* end confdefs.h.  */
| #include <stdio.h>
| #ifdef HAVE_SYS_TYPES_H
| # include <sys/types.h>
| #endif
| #ifdef HAVE_SYS_STAT_H
| # include <sys/stat.h>
| #endif
| #ifdef STDC_HEADERS
| # include <stdlib.h>
| # include <stddef.h>
| #else
| # ifdef HAVE_STDLIB_H
| #  include <stdlib.h>
| # endif
| #endif
| #ifdef HAVE_STRING_H
| # if !defined STDC_HEADERS && defined HAVE_MEMORY_H
| #  include <memory.h>
| # endif
| # include <string.h>
| #endif
| #ifdef HAVE_STRINGS_H
| # include <strings.h>
| #endif
| #ifdef HAVE_INTTYPES_H
| # include <inttypes.h>
| #endif
| #ifdef HAVE_STDINT_H
| # include <stdint.h>
| #endif
| #ifdef HAVE_UNISTD_H
| # include <unistd.h>
| #endif
| int
| main ()
| {
| #ifndef __clang__
| #ifdef __cplusplus
|   (void) __clang__;
| #else
|   (void) __clang__;
| #endif
| #endif
| 
|   ;
|   return 0;
| }
configure:4496: result: no
configure:4503: checking whether __INTEL_COMPILER is declared
configure:4503: gcc -std=gnu99 -c -g -O2  conftest.c >&5
conftest.c: In function 'main':
conftest.c:61:10: error: '__INTEL_COMPILER' undeclared (first use in this function)
conftest.c:61:10: note: each undeclared identifier is reported only once for each function it appears in
configure:4503: $? = 1
configure: failed program was:
| /* confdefs.h */
| #define PACKAGE_NAME "xf86-video-intel"
| #define PACKAGE_TARNAME "xf86-video-intel"
| #define PACKAGE_VERSION "2.15.0"
| #define PACKAGE_STRING "xf86-video-intel 2.15.0"
| #define PACKAGE_BUGREPORT "https://bugs.freedesktop.org/enter_bug.cgi?product=xorg"
| #define PACKAGE_URL ""
| #define PACKAGE "xf86-video-intel"
| #define VERSION "2.15.0"
| #define STDC_HEADERS 1
| #define HAVE_SYS_TYPES_H 1
| #define HAVE_SYS_STAT_H 1
| #define HAVE_STDLIB_H 1
| #define HAVE_STRING_H 1
| #define HAVE_MEMORY_H 1
| #define HAVE_STRINGS_H 1
| #define HAVE_INTTYPES_H 1
| #define HAVE_STDINT_H 1
| #define HAVE_UNISTD_H 1
| /* end confdefs.h.  */
| #include <stdio.h>
| #ifdef HAVE_SYS_TYPES_H
| # include <sys/types.h>
| #endif
| #ifdef HAVE_SYS_STAT_H
| # include <sys/stat.h>
| #endif
| #ifdef STDC_HEADERS
| # include <stdlib.h>
| # include <stddef.h>
| #else
| # ifdef HAVE_STDLIB_H
| #  include <stdlib.h>
| # endif
| #endif
| #ifdef HAVE_STRING_H
| # if !defined STDC_HEADERS && defined HAVE_MEMORY_H
| #  include <memory.h>
| # endif
| # include <string.h>
| #endif
| #ifdef HAVE_STRINGS_H
| # include <strings.h>
| #endif
| #ifdef HAVE_INTTYPES_H
| # include <inttypes.h>
| #endif
| #ifdef HAVE_STDINT_H
| # include <stdint.h>
| #endif
| #ifdef HAVE_UNISTD_H
| # include <unistd.h>
| #endif
| int
| main ()
| {
| #ifndef __INTEL_COMPILER
| #ifdef __cplusplus
|   (void) __INTEL_COMPILER;
| #else
|   (void) __INTEL_COMPILER;
| #endif
| #endif
| 
|   ;
|   return 0;
| }
configure:4503: result: no
configure:4510: checking whether __SUNPRO_C is declared
configure:4510: gcc -std=gnu99 -c -g -O2  conftest.c >&5
conftest.c: In function 'main':
conftest.c:61:10: error: '__SUNPRO_C' undeclared (first use in this function)
conftest.c:61:10: note: each undeclared identifier is reported only once for each function it appears in
configure:4510: $? = 1
configure: failed program was:
| /* confdefs.h */
| #define PACKAGE_NAME "xf86-video-intel"
| #define PACKAGE_TARNAME "xf86-video-intel"
| #define PACKAGE_VERSION "2.15.0"
| #define PACKAGE_STRING "xf86-video-intel 2.15.0"
| #define PACKAGE_BUGREPORT "https://bugs.freedesktop.org/enter_bug.cgi?product=xorg"
| #define PACKAGE_URL ""
| #define PACKAGE "xf86-video-intel"
| #define VERSION "2.15.0"
| #define STDC_HEADERS 1
| #define HAVE_SYS_TYPES_H 1
| #define HAVE_SYS_STAT_H 1
| #define HAVE_STDLIB_H 1
| #define HAVE_STRING_H 1
| #define HAVE_MEMORY_H 1
| #define HAVE_STRINGS_H 1
| #define HAVE_INTTYPES_H 1
| #define HAVE_STDINT_H 1
| #define HAVE_UNISTD_H 1
| /* end confdefs.h.  */
| #include <stdio.h>
| #ifdef HAVE_SYS_TYPES_H
| # include <sys/types.h>
| #endif
| #ifdef HAVE_SYS_STAT_H
| # include <sys/stat.h>
| #endif
| #ifdef STDC_HEADERS
| # include <stdlib.h>
| # include <stddef.h>
| #else
| # ifdef HAVE_STDLIB_H
| #  include <stdlib.h>
| # endif
| #endif
| #ifdef HAVE_STRING_H
| # if !defined STDC_HEADERS && defined HAVE_MEMORY_H
| #  include <memory.h>
| # endif
| # include <string.h>
| #endif
| #ifdef HAVE_STRINGS_H
| # include <strings.h>
| #endif
| #ifdef HAVE_INTTYPES_H
| # include <inttypes.h>
| #endif
| #ifdef HAVE_STDINT_H
| # include <stdint.h>
| #endif
| #ifdef HAVE_UNISTD_H
| # include <unistd.h>
| #endif
| int
| main ()
| {
| #ifndef __SUNPRO_C
| #ifdef __cplusplus
|   (void) __SUNPRO_C;
| #else
|   (void) __SUNPRO_C;
| #endif
| #endif
| 
|   ;
|   return 0;
| }
configure:4510: result: no
configure:4572: checking for pkg-config
configure:4590: found /usr/bin/pkg-config
configure:4602: result: /usr/bin/pkg-config
configure:4627: checking pkg-config is at least version 0.9.0
configure:4630: result: yes
configure:4642: checking build system type
configure:4656: result: x86_64-unknown-linux-gnu
configure:4676: checking host system type
configure:4689: result: x86_64-unknown-linux-gnu
configure:4709: checking for a sed that does not truncate output
configure:4773: result: /bin/sed
configure:4815: checking if gcc -std=gnu99 supports -Werror=attributes
configure:4823: gcc -std=gnu99 -c -g -O2 -pedantic -Werror -Werror=attributes  conftest.c >&5
conftest.c:21:1: error: expected identifier or '(' before 'return'
configure:4823: $? = 1
configure: failed program was:
| /* confdefs.h */
| #define PACKAGE_NAME "xf86-video-intel"
| #define PACKAGE_TARNAME "xf86-video-intel"
| #define PACKAGE_VERSION "2.15.0"
| #define PACKAGE_STRING "xf86-video-intel 2.15.0"
| #define PACKAGE_BUGREPORT "https://bugs.freedesktop.org/enter_bug.cgi?product=xorg"
| #define PACKAGE_URL ""
| #define PACKAGE "xf86-video-intel"
| #define VERSION "2.15.0"
| #define STDC_HEADERS 1
| #define HAVE_SYS_TYPES_H 1
| #define HAVE_SYS_STAT_H 1
| #define HAVE_STDLIB_H 1
| #define HAVE_STRING_H 1
| #define HAVE_MEMORY_H 1
| #define HAVE_STRINGS_H 1
| #define HAVE_INTTYPES_H 1
| #define HAVE_STDINT_H 1
| #define HAVE_UNISTD_H 1
| /* end confdefs.h.  */
| return 0;
configure:4828: result: no
configure:5040: checking how to print strings
configure:5067: result: printf
configure:5088: checking for a sed that does not truncate output
configure:5152: result: /bin/sed
configure:5170: checking for fgrep
configure:5232: result: /bin/grep -F
configure:5267: checking for ld used by gcc -std=gnu99
configure:5334: result: /usr/bin/ld
configure:5341: checking if the linker (/usr/bin/ld) is GNU ld
configure:5356: result: yes
configure:5368: checking for BSD- or MS-compatible name lister (nm)
configure:5417: result: /usr/bin/nm -B
configure:5547: checking the name lister (/usr/bin/nm -B) interface
configure:5554: gcc -std=gnu99 -c -g -O2  conftest.c >&5
configure:5557: /usr/bin/nm -B "conftest.o"
configure:5560: output
0000000000000000 B some_variable
configure:5567: result: BSD nm
configure:5570: checking whether ln -s works
configure:5574: result: yes
configure:5582: checking the maximum length of command line arguments
configure:5707: result: 1572864
configure:5724: checking whether the shell understands some XSI constructs
configure:5734: result: yes
configure:5738: checking whether the shell understands "+="
configure:5744: result: yes
configure:5779: checking how to convert x86_64-unknown-linux-gnu file names to x86_64-unknown-linux-gnu format
configure:5819: result: func_convert_file_noop
configure:5826: checking how to convert x86_64-unknown-linux-gnu file names to toolchain format
configure:5846: result: func_convert_file_noop
configure:5853: checking for /usr/bin/ld option to reload object files
configure:5860: result: -r
configure:5934: checking for objdump
configure:5950: found /usr/bin/objdump
configure:5961: result: objdump
configure:5993: checking how to recognize dependent libraries
configure:6195: result: pass_all
configure:6280: checking for dlltool
configure:6310: result: no
configure:6340: checking how to associate runtime and link libraries
configure:6367: result: printf %s\n
configure:6427: checking for ar
configure:6443: found /usr/bin/ar
configure:6454: result: ar
configure:6491: checking for archiver @FILE support
configure:6508: gcc -std=gnu99 -c -g -O2  conftest.c >&5
configure:6508: $? = 0
configure:6511: ar cru libconftest.a @conftest.lst >&5
configure:6514: $? = 0
configure:6519: ar cru libconftest.a @conftest.lst >&5
ar: conftest.o: No such file or directory
configure:6522: $? = 1
configure:6534: result: @
configure:6592: checking for strip
configure:6608: found /usr/bin/strip
configure:6619: result: strip
configure:6691: checking for ranlib
configure:6707: found /usr/bin/ranlib
configure:6718: result: ranlib
configure:6820: checking command to parse /usr/bin/nm -B output from gcc -std=gnu99 object
configure:6939: gcc -std=gnu99 -c -g -O2  conftest.c >&5
configure:6942: $? = 0
configure:6946: /usr/bin/nm -B conftest.o \| sed -n -e 's/^.*[ ]\([ABCDGIRSTW][ABCDGIRSTW]*\)[ ][ ]*\([_A-Za-z][_A-Za-z0-9]*\)$/\1 \2 \2/p' | sed '/ __gnu_lto/d' \> conftest.nm
configure:6949: $? = 0
configure:7015: gcc -std=gnu99 -o conftest -g -O2   conftest.c conftstm.o >&5
configure:7018: $? = 0
configure:7056: result: ok
configure:7093: checking for sysroot
configure:7123: result: no
configure:7200: gcc -std=gnu99 -c -g -O2  conftest.c >&5
configure:7203: $? = 0
configure:7366: checking for mt
configure:7382: found /bin/mt
configure:7393: result: mt
configure:7416: checking if mt is a manifest tool
configure:7422: mt '-?'
configure:7430: result: no
configure:8059: checking for dlfcn.h
configure:8059: gcc -std=gnu99 -c -g -O2  conftest.c >&5
configure:8059: $? = 0
configure:8059: result: yes
configure:8245: checking for objdir
configure:8260: result: .libs
configure:8531: checking if gcc -std=gnu99 supports -fno-rtti -fno-exceptions
configure:8549: gcc -std=gnu99 -c -g -O2  -fno-rtti -fno-exceptions conftest.c >&5
cc1: warning: command line option '-fno-rtti' is valid for C++/ObjC++ but not for C [enabled by default]
configure:8553: $? = 0
configure:8566: result: no
configure:8876: checking for gcc -std=gnu99 option to produce PIC
configure:8883: result: -fPIC -DPIC
configure:8891: checking if gcc -std=gnu99 PIC flag -fPIC -DPIC works
configure:8909: gcc -std=gnu99 -c -g -O2  -fPIC -DPIC -DPIC conftest.c >&5
configure:8913: $? = 0
configure:8926: result: yes
configure:8955: checking if gcc -std=gnu99 static flag -static works
configure:8983: result: yes
configure:8998: checking if gcc -std=gnu99 supports -c -o file.o
configure:9019: gcc -std=gnu99 -c -g -O2  -o out/conftest2.o conftest.c >&5
configure:9023: $? = 0
configure:9045: result: yes
configure:9053: checking if gcc -std=gnu99 supports -c -o file.o
configure:9100: result: yes
configure:9133: checking whether the gcc -std=gnu99 linker (/usr/bin/ld -m elf_x86_64) supports shared libraries
configure:10295: result: yes
configure:10332: checking whether -lc should be explicitly linked in
configure:10340: gcc -std=gnu99 -c -g -O2  conftest.c >&5
configure:10343: $? = 0
configure:10358: gcc -std=gnu99 -shared  -fPIC -DPIC conftest.o  -v -Wl,-soname -Wl,conftest -o conftest 2\>\&1 \| /bin/grep  -lc  \>/dev/null 2\>\&1
configure:10361: $? = 0
configure:10375: result: no
configure:10540: checking dynamic linker characteristics
configure:11055: gcc -std=gnu99 -o conftest -g -O2   -Wl,-rpath -Wl,/foo conftest.c  >&5
configure:11055: $? = 0
configure:11289: result: GNU/Linux ld.so
configure:11396: checking how to hardcode library paths into programs
configure:11421: result: immediate
configure:11961: checking whether stripping libraries is possible
configure:11966: result: yes
configure:12001: checking if libtool supports shared libraries
configure:12003: result: yes
configure:12006: checking whether to build shared libraries
configure:12027: result: yes
configure:12030: checking whether to build static libraries
configure:12034: result: no
configure:12072: checking for GEN4ASM
configure:12079: $PKG_CONFIG --exists --print-errors "intel-gen4asm >= 1.1"
Package intel-gen4asm was not found in the pkg-config search path.
Perhaps you should add the directory containing `intel-gen4asm.pc'
to the PKG_CONFIG_PATH environment variable
No package 'intel-gen4asm' found
configure:12082: $? = 1
configure:12096: $PKG_CONFIG --exists --print-errors "intel-gen4asm >= 1.1"
Package intel-gen4asm was not found in the pkg-config search path.
Perhaps you should add the directory containing `intel-gen4asm.pc'
to the PKG_CONFIG_PATH environment variable
No package 'intel-gen4asm' found
configure:12099: $? = 1
configure:12113: result: no
No package 'intel-gen4asm' found
configure:12152: checking for UDEV
configure:12159: $PKG_CONFIG --exists --print-errors "libudev"
configure:12162: $? = 0
configure:12176: $PKG_CONFIG --exists --print-errors "libudev"
configure:12179: $? = 0
configure:12217: result: yes
configure:12229: checking for X11
configure:12236: $PKG_CONFIG --exists --print-errors "x11 xrender xext pixman-1"
configure:12239: $? = 0
configure:12253: $PKG_CONFIG --exists --print-errors "x11 xrender xext pixman-1"
configure:12256: $? = 0
configure:12294: result: yes
configure:12386: gcc -std=gnu99 -c -g -O2 -I/usr/include/xorg  conftest.c >&5
configure:12386: $? = 0
configure:12393: checking if RANDR is defined
configure:12395: result: yes
configure:12421: gcc -std=gnu99 -c -g -O2 -I/usr/include/xorg  conftest.c >&5
configure:12421: $? = 0
configure:12428: checking if RENDER is defined
configure:12430: result: yes
configure:12456: gcc -std=gnu99 -c -g -O2 -I/usr/include/xorg  conftest.c >&5
configure:12456: $? = 0
configure:12463: checking if XF86DRI is defined
configure:12465: result: yes
configure:12491: gcc -std=gnu99 -c -g -O2 -I/usr/include/xorg  conftest.c >&5
configure:12491: $? = 0
configure:12498: checking if DPMSExtension is defined
configure:12500: result: yes
configure:12510: checking for XORG
configure:12517: $PKG_CONFIG --exists --print-errors "xorg-server >= 1.6 xproto fontsproto $REQUIRED_MODULES"
configure:12520: $? = 0
configure:12534: $PKG_CONFIG --exists --print-errors "xorg-server >= 1.6 xproto fontsproto $REQUIRED_MODULES"
configure:12537: $? = 0
configure:12595: result: yes
configure:12601: checking for DRM
configure:12608: $PKG_CONFIG --exists --print-errors "libdrm >= 2.4.23"
configure:12611: $? = 0
configure:12625: $PKG_CONFIG --exists --print-errors "libdrm >= 2.4.23"
configure:12628: $? = 0
configure:12686: result: yes
configure:12692: checking for DRI
configure:12699: $PKG_CONFIG --exists --print-errors "xf86driproto"
configure:12702: $? = 0
configure:12716: $PKG_CONFIG --exists --print-errors "xf86driproto"
configure:12719: $? = 0
configure:12757: result: yes
configure:12763: checking for DRI2
configure:12770: $PKG_CONFIG --exists --print-errors "dri2proto >= 2.6"
Requested 'dri2proto >= 2.6' but version of DRI2Proto is 2.3
configure:12773: $? = 1
configure:12787: $PKG_CONFIG --exists --print-errors "dri2proto >= 2.6"
Requested 'dri2proto >= 2.6' but version of DRI2Proto is 2.3
configure:12790: $? = 1
configure:12804: result: no
Requested 'dri2proto >= 2.6' but version of DRI2Proto is 2.3
configure:12820: error: Package requirements (dri2proto >= 2.6) were not met:

Requested 'dri2proto >= 2.6' but version of DRI2Proto is 2.3

Consider adjusting the PKG_CONFIG_PATH environment variable if you
installed software in a non-standard prefix.

Alternatively, you may set the environment variables DRI2_CFLAGS
and DRI2_LIBS to avoid the need to call pkg-config.
See the pkg-config man page for more details.

## ---------------- ##
## Cache variables. ##
## ---------------- ##

ac_cv_build=x86_64-unknown-linux-gnu
ac_cv_c_compiler_gnu=yes
ac_cv_env_CC_set=
ac_cv_env_CC_value=
ac_cv_env_CFLAGS_set=
ac_cv_env_CFLAGS_value=
ac_cv_env_CPPFLAGS_set=
ac_cv_env_CPPFLAGS_value=
ac_cv_env_CPP_set=
ac_cv_env_CPP_value=
ac_cv_env_DRI2_CFLAGS_set=
ac_cv_env_DRI2_CFLAGS_value=
ac_cv_env_DRI2_LIBS_set=
ac_cv_env_DRI2_LIBS_value=
ac_cv_env_DRI_CFLAGS_set=
ac_cv_env_DRI_CFLAGS_value=
ac_cv_env_DRI_LIBS_set=
ac_cv_env_DRI_LIBS_value=
ac_cv_env_DRM_CFLAGS_set=
ac_cv_env_DRM_CFLAGS_value=
ac_cv_env_DRM_LIBS_set=
ac_cv_env_DRM_LIBS_value=
ac_cv_env_GEN4ASM_CFLAGS_set=
ac_cv_env_GEN4ASM_CFLAGS_value=
ac_cv_env_GEN4ASM_LIBS_set=
ac_cv_env_GEN4ASM_LIBS_value=
ac_cv_env_LDFLAGS_set=
ac_cv_env_LDFLAGS_value=
ac_cv_env_LIBS_set=
ac_cv_env_LIBS_value=
ac_cv_env_PCIACCESS_CFLAGS_set=
ac_cv_env_PCIACCESS_CFLAGS_value=
ac_cv_env_PCIACCESS_LIBS_set=
ac_cv_env_PCIACCESS_LIBS_value=
ac_cv_env_PKG_CONFIG_LIBDIR_set=
ac_cv_env_PKG_CONFIG_LIBDIR_value=
ac_cv_env_PKG_CONFIG_PATH_set=
ac_cv_env_PKG_CONFIG_PATH_value=
ac_cv_env_PKG_CONFIG_set=
ac_cv_env_PKG_CONFIG_value=
ac_cv_env_UDEV_CFLAGS_set=
ac_cv_env_UDEV_CFLAGS_value=
ac_cv_env_UDEV_LIBS_set=
ac_cv_env_UDEV_LIBS_value=
ac_cv_env_X11_CFLAGS_set=
ac_cv_env_X11_CFLAGS_value=
ac_cv_env_X11_LIBS_set=
ac_cv_env_X11_LIBS_value=
ac_cv_env_XORG_CFLAGS_set=
ac_cv_env_XORG_CFLAGS_value=
ac_cv_env_XORG_LIBS_set=
ac_cv_env_XORG_LIBS_value=
ac_cv_env_XVMCLIB_CFLAGS_set=
ac_cv_env_XVMCLIB_CFLAGS_value=
ac_cv_env_XVMCLIB_LIBS_set=
ac_cv_env_XVMCLIB_LIBS_value=
ac_cv_env_build_alias_set=
ac_cv_env_build_alias_value=
ac_cv_env_host_alias_set=
ac_cv_env_host_alias_value=
ac_cv_env_target_alias_set=
ac_cv_env_target_alias_value=
ac_cv_have_decl___INTEL_COMPILER=no
ac_cv_have_decl___SUNPRO_C=no
ac_cv_have_decl___clang__=no
ac_cv_header_dlfcn_h=yes
ac_cv_header_inttypes_h=yes
ac_cv_header_memory_h=yes
ac_cv_header_stdc=yes
ac_cv_header_stdint_h=yes
ac_cv_header_stdlib_h=yes
ac_cv_header_string_h=yes
ac_cv_header_strings_h=yes
ac_cv_header_sys_stat_h=yes
ac_cv_header_sys_types_h=yes
ac_cv_header_unistd_h=yes
ac_cv_host=x86_64-unknown-linux-gnu
ac_cv_objext=o
ac_cv_path_EGREP='/bin/grep -E'
ac_cv_path_FGREP='/bin/grep -F'
ac_cv_path_GREP=/bin/grep
ac_cv_path_SED=/bin/sed
ac_cv_path_ac_pt_PKG_CONFIG=/usr/bin/pkg-config
ac_cv_path_install='/usr/bin/install -c'
ac_cv_path_mkdir=/bin/mkdir
ac_cv_prog_AWK=gawk
ac_cv_prog_CPP='gcc -std=gnu99 -E'
ac_cv_prog_ac_ct_AR=ar
ac_cv_prog_ac_ct_CC=gcc
ac_cv_prog_ac_ct_MANIFEST_TOOL=mt
ac_cv_prog_ac_ct_OBJDUMP=objdump
ac_cv_prog_ac_ct_RANLIB=ranlib
ac_cv_prog_ac_ct_STRIP=strip
ac_cv_prog_cc_c89=
ac_cv_prog_cc_c99=-std=gnu99
ac_cv_prog_cc_g=yes
ac_cv_prog_make_make_set=yes
am_cv_CC_dependencies_compiler_type=gcc3
lt_cv_ar_at_file=@
lt_cv_archive_cmds_need_lc=no
lt_cv_deplibs_check_method=pass_all
lt_cv_file_magic_cmd='$MAGIC_CMD'
lt_cv_file_magic_test_file=
lt_cv_ld_reload_flag=-r
lt_cv_nm_interface='BSD nm'
lt_cv_objdir=.libs
lt_cv_path_LD=/usr/bin/ld
lt_cv_path_NM='/usr/bin/nm -B'
lt_cv_path_mainfest_tool=no
lt_cv_prog_compiler_c_o=yes
lt_cv_prog_compiler_pic='-fPIC -DPIC'
lt_cv_prog_compiler_pic_works=yes
lt_cv_prog_compiler_rtti_exceptions=no
lt_cv_prog_compiler_static_works=yes
lt_cv_prog_gnu_ld=yes
lt_cv_sharedlib_from_linklib_cmd='printf %s\n'
lt_cv_shlibpath_overrides_runpath=no
lt_cv_sys_global_symbol_pipe='sed -n -e '\''s/^.*[	 ]\([ABCDGIRSTW][ABCDGIRSTW]*\)[	 ][	 ]*\([_A-Za-z][_A-Za-z0-9]*\)$/\1 \2 \2/p'\'' | sed '\''/ __gnu_lto/d'\'''
lt_cv_sys_global_symbol_to_c_name_address='sed -n -e '\''s/^: \([^ ]*\)[ ]*$/  {\"\1\", (void *) 0},/p'\'' -e '\''s/^[ABCDGIRSTW]* \([^ ]*\) \([^ ]*\)$/  {"\2", (void *) \&\2},/p'\'''
lt_cv_sys_global_symbol_to_c_name_address_lib_prefix='sed -n -e '\''s/^: \([^ ]*\)[ ]*$/  {\"\1\", (void *) 0},/p'\'' -e '\''s/^[ABCDGIRSTW]* \([^ ]*\) \(lib[^ ]*\)$/  {"\2", (void *) \&\2},/p'\'' -e '\''s/^[ABCDGIRSTW]* \([^ ]*\) \([^ ]*\)$/  {"lib\2", (void *) \&\2},/p'\'''
lt_cv_sys_global_symbol_to_cdecl='sed -n -e '\''s/^T .* \(.*\)$/extern int \1();/p'\'' -e '\''s/^[ABCDGIRSTW]* .* \(.*\)$/extern char \1;/p'\'''
lt_cv_sys_max_cmd_len=1572864
lt_cv_to_host_file_cmd=func_convert_file_noop
lt_cv_to_tool_file_cmd=func_convert_file_noop
pkg_cv_DRI_CFLAGS='-I/usr/include/X11/dri  '
pkg_cv_DRI_LIBS=' '
pkg_cv_DRM_CFLAGS='-I/usr/include/libdrm  '
pkg_cv_DRM_LIBS='-ldrm  '
pkg_cv_UDEV_CFLAGS=' '
pkg_cv_UDEV_LIBS='-ludev -lrt  '
pkg_cv_X11_CFLAGS='-I/usr/include/pixman-1  '
pkg_cv_X11_LIBS='-lXrender -lX11 -lXext -lpixman-1  '
pkg_cv_XORG_CFLAGS='-fvisibility=hidden -I/usr/include/xorg -I/usr/include/pixman-1  '
pkg_cv_XORG_LIBS='-lpixman-1 -lpciaccess -lX11  '

## ----------------- ##
## Output variables. ##
## ----------------- ##

ACLOCAL='${SHELL} /home/cbrulebois/debian-x/driver/xserver-xorg-video-intel.git/build-aux/missing --run aclocal-1.11'
ADMIN_MAN_DIR='$(mandir)/man$(ADMIN_MAN_SUFFIX)'
ADMIN_MAN_SUFFIX='8'
AMDEPBACKSLASH='\'
AMDEP_FALSE='#'
AMDEP_TRUE=''
AMTAR='${SHELL} /home/cbrulebois/debian-x/driver/xserver-xorg-video-intel.git/build-aux/missing --run tar'
AM_BACKSLASH='\'
AM_DEFAULT_VERBOSITY='0'
APP_MAN_DIR='$(mandir)/man$(APP_MAN_SUFFIX)'
APP_MAN_SUFFIX='1'
AR='ar'
AUTOCONF='${SHELL} /home/cbrulebois/debian-x/driver/xserver-xorg-video-intel.git/build-aux/missing --run autoconf'
AUTOHEADER='${SHELL} /home/cbrulebois/debian-x/driver/xserver-xorg-video-intel.git/build-aux/missing --run autoheader'
AUTOMAKE='${SHELL} /home/cbrulebois/debian-x/driver/xserver-xorg-video-intel.git/build-aux/missing --run automake-1.11'
AWK='gawk'
CC='gcc -std=gnu99'
CCDEPMODE='depmode=gcc3'
CFLAGS='-g -O2'
CHANGELOG_CMD='(GIT_DIR=$(top_srcdir)/.git git log > $(top_srcdir)/.changelog.tmp && mv $(top_srcdir)/.changelog.tmp $(top_srcdir)/ChangeLog) || (rm -f $(top_srcdir)/.changelog.tmp; touch $(top_srcdir)/ChangeLog; echo '\''git directory not found: installing possibly empty changelog.'\'' >&2)'
CPP='gcc -std=gnu99 -E'
CPPFLAGS=''
CWARNFLAGS='-Wall -Wpointer-arith -Wstrict-prototypes -Wmissing-prototypes -Wmissing-declarations -Wnested-externs -fno-strict-aliasing -Wbad-function-cast -Wformat=2 -Wold-style-definition -Wdeclaration-after-statement'
CYGPATH_W='echo'
DEBUG_FALSE=''
DEBUG_TRUE=''
DEFS=''
DEPDIR='.deps'
DLLTOOL='false'
DRI2_CFLAGS=''
DRI2_LIBS=''
DRIVER_MAN_DIR='$(mandir)/man$(DRIVER_MAN_SUFFIX)'
DRIVER_MAN_SUFFIX='4'
DRIVER_NAME=''
DRI_CFLAGS='-I/usr/include/X11/dri  '
DRI_FALSE=''
DRI_LIBS=' '
DRI_TRUE=''
DRM_CFLAGS='-I/usr/include/libdrm  '
DRM_LIBS='-ldrm  '
DSYMUTIL=''
DUMPBIN=''
ECHO_C=''
ECHO_N='-n'
ECHO_T=''
EGREP='/bin/grep -E'
EXEEXT=''
FGREP='/bin/grep -F'
FILE_MAN_DIR='$(mandir)/man$(FILE_MAN_SUFFIX)'
FILE_MAN_SUFFIX='5'
GEN4ASM_CFLAGS=''
GEN4ASM_LIBS=''
GREP='/bin/grep'
HAVE_GEN4ASM_FALSE=''
HAVE_GEN4ASM_TRUE='#'
HAVE_X11_FALSE='#'
HAVE_X11_TRUE=''
INSTALL_CMD='(cp -f /usr/share/util-macros/INSTALL $(top_srcdir)/.INSTALL.tmp && mv $(top_srcdir)/.INSTALL.tmp $(top_srcdir)/INSTALL) || (rm -f $(top_srcdir)/.INSTALL.tmp; touch $(top_srcdir)/INSTALL; echo '\''util-macros "pkgdatadir" from xorg-macros.pc not found: installing possibly empty INSTALL.'\'' >&2)'
INSTALL_DATA='${INSTALL} -m 644'
INSTALL_PROGRAM='${INSTALL}'
INSTALL_SCRIPT='${INSTALL}'
INSTALL_STRIP_PROGRAM='$(install_sh) -c -s'
KMS_ONLY_FALSE=''
KMS_ONLY_TRUE=''
LD='/usr/bin/ld -m elf_x86_64'
LDFLAGS=''
LIBOBJS=''
LIBS=''
LIBTOOL='$(SHELL) $(top_builddir)/libtool'
LIB_MAN_DIR='$(mandir)/man$(LIB_MAN_SUFFIX)'
LIB_MAN_SUFFIX='3'
LIPO=''
LN_S='ln -s'
LTLIBOBJS=''
MAINT=''
MAINTAINER_MODE_FALSE='#'
MAINTAINER_MODE_TRUE=''
MAKEINFO='${SHELL} /home/cbrulebois/debian-x/driver/xserver-xorg-video-intel.git/build-aux/missing --run makeinfo'
MANIFEST_TOOL=':'
MAN_SUBSTS='	-e '\''s|__vendorversion__|"$(PACKAGE_STRING)" "$(XORG_MAN_PAGE)"|'\'' 	-e '\''s|__xorgversion__|"$(PACKAGE_STRING)" "$(XORG_MAN_PAGE)"|'\'' 	-e '\''s|__xservername__|Xorg|g'\'' 	-e '\''s|__xconfigfile__|xorg.conf|g'\'' 	-e '\''s|__projectroot__|$(prefix)|g'\'' 	-e '\''s|__apploaddir__|$(appdefaultdir)|g'\'' 	-e '\''s|__appmansuffix__|$(APP_MAN_SUFFIX)|g'\'' 	-e '\''s|__drivermansuffix__|$(DRIVER_MAN_SUFFIX)|g'\'' 	-e '\''s|__adminmansuffix__|$(ADMIN_MAN_SUFFIX)|g'\'' 	-e '\''s|__libmansuffix__|$(LIB_MAN_SUFFIX)|g'\'' 	-e '\''s|__miscmansuffix__|$(MISC_MAN_SUFFIX)|g'\'' 	-e '\''s|__filemansuffix__|$(FILE_MAN_SUFFIX)|g'\'''
MISC_MAN_DIR='$(mandir)/man$(MISC_MAN_SUFFIX)'
MISC_MAN_SUFFIX='7'
MKDIR_P='/bin/mkdir -p'
NM='/usr/bin/nm -B'
NMEDIT=''
OBJDUMP='objdump'
OBJEXT='o'
OTOOL64=''
OTOOL=''
PACKAGE='xf86-video-intel'
PACKAGE_BUGREPORT='https://bugs.freedesktop.org/enter_bug.cgi?product=xorg'
PACKAGE_NAME='xf86-video-intel'
PACKAGE_STRING='xf86-video-intel 2.15.0'
PACKAGE_TARNAME='xf86-video-intel'
PACKAGE_URL=''
PACKAGE_VERSION='2.15.0'
PATH_SEPARATOR=':'
PCIACCESS_CFLAGS=''
PCIACCESS_LIBS=''
PKG_CONFIG='/usr/bin/pkg-config'
PKG_CONFIG_LIBDIR=''
PKG_CONFIG_PATH=''
RANLIB='ranlib'
SED='/bin/sed'
SET_MAKE=''
SHELL='/bin/sh'
SNA_FALSE=''
SNA_GEN2_FALSE=''
SNA_GEN2_TRUE=''
SNA_GEN3_FALSE=''
SNA_GEN3_TRUE=''
SNA_GEN4_FALSE=''
SNA_GEN4_TRUE=''
SNA_GEN5_FALSE=''
SNA_GEN5_TRUE=''
SNA_GEN6_FALSE=''
SNA_GEN6_TRUE=''
SNA_TRUE=''
STRICT_CFLAGS='-pedantic -Werror'
STRIP='strip'
UDEV_CFLAGS=' '
UDEV_LIBS='-ludev -lrt  '
USE_VMAP_FALSE=''
USE_VMAP_TRUE=''
VERSION='2.15.0'
X11_CFLAGS='-I/usr/include/pixman-1  '
X11_LIBS='-lXrender -lX11 -lXext -lpixman-1  '
XORG_CFLAGS='-fvisibility=hidden -I/usr/include/xorg -I/usr/include/pixman-1  '
XORG_LIBS='-lpixman-1 -lpciaccess -lX11  '
XORG_MAN_PAGE='X Version 11'
XVMCLIB_CFLAGS=''
XVMCLIB_LIBS=''
XVMC_FALSE=''
XVMC_TRUE=''
ac_ct_AR='ar'
ac_ct_CC='gcc'
ac_ct_DUMPBIN=''
am__EXEEXT_FALSE=''
am__EXEEXT_TRUE=''
am__fastdepCC_FALSE='#'
am__fastdepCC_TRUE=''
am__include='include'
am__isrc=''
am__leading_dot='.'
am__quote=''
am__tar='${AMTAR} chof - "$$tardir"'
am__untar='${AMTAR} xf -'
bindir='${exec_prefix}/bin'
build='x86_64-unknown-linux-gnu'
build_alias=''
build_cpu='x86_64'
build_os='linux-gnu'
build_vendor='unknown'
datadir='${datarootdir}'
datarootdir='${prefix}/share'
docdir='${datarootdir}/doc/${PACKAGE_TARNAME}'
dvidir='${docdir}'
exec_prefix='NONE'
host='x86_64-unknown-linux-gnu'
host_alias=''
host_cpu='x86_64'
host_os='linux-gnu'
host_vendor='unknown'
htmldir='${docdir}'
includedir='${prefix}/include'
infodir='${datarootdir}/info'
install_sh='${SHELL} /home/cbrulebois/debian-x/driver/xserver-xorg-video-intel.git/build-aux/install-sh'
libdir='${exec_prefix}/lib'
libexecdir='${exec_prefix}/libexec'
localedir='${datarootdir}/locale'
localstatedir='${prefix}/var'
mandir='${datarootdir}/man'
mkdir_p='/bin/mkdir -p'
moduledir='${exec_prefix}/lib/xorg/modules'
oldincludedir='/usr/include'
pdfdir='${docdir}'
prefix='NONE'
program_transform_name='s,x,x,'
psdir='${docdir}'
sbindir='${exec_prefix}/sbin'
sharedstatedir='${prefix}/com'
sysconfdir='${prefix}/etc'
target_alias=''

## ----------- ##
## confdefs.h. ##
## ----------- ##

/* confdefs.h */
#define PACKAGE_NAME "xf86-video-intel"
#define PACKAGE_TARNAME "xf86-video-intel"
#define PACKAGE_VERSION "2.15.0"
#define PACKAGE_STRING "xf86-video-intel 2.15.0"
#define PACKAGE_BUGREPORT "https://bugs.freedesktop.org/enter_bug.cgi?product=xorg"
#define PACKAGE_URL ""
#define PACKAGE "xf86-video-intel"
#define VERSION "2.15.0"
#define STDC_HEADERS 1
#define HAVE_SYS_TYPES_H 1
#define HAVE_SYS_STAT_H 1
#define HAVE_STDLIB_H 1
#define HAVE_STRING_H 1
#define HAVE_MEMORY_H 1
#define HAVE_STRINGS_H 1
#define HAVE_INTTYPES_H 1
#define HAVE_STDINT_H 1
#define HAVE_UNISTD_H 1
#define PACKAGE_VERSION_MAJOR 2
#define PACKAGE_VERSION_MINOR 15
#define PACKAGE_VERSION_PATCHLEVEL 0
#define HAVE_DLFCN_H 1
#define LT_OBJDIR ".libs/"
#define HAVE_UDEV 1

configure: exit 1
