645980596450ed21c3b8927410a6bfe38a0c55d1       2008 Mar 21 03:08 r64598059 master
8a733ccbe054d9f7c731d9a6e1121e65ba367171       2008 Mar 20 10:33 r8a733ccb 2.2.99.901
    ac763634069fe070b3afc073ce437959612d39fe   2008 Mar 18 16:52 rac763634 
   f4cfc98ab038af4d5d52af12e4d60ded62cf4a6e    2008 Mar 13 23:56 rf4cfc98a 
    c82d8e51c6ff9522ad0deb33399d13f3d6fef19d   2008 Mar 12 11:13 rc82d8e51 
  ecdb5963ef6873ab82998dca6ca5186644666ec8     2008 Mar 11 11:08 recdb5963 
    13ae79b415d944891cfdc2cd2d5397fec36a4e8e   2008 Mar 7  08:04 r13ae79b4 
   d466b25d09bbe85abe84d9d7714ffb65fafe7593    2008 Mar 5  13:38 rd466b25d 
    66cdccb021a4748b2af41e415c36ed58ca808df6   2008 Feb 25 14:29 r66cdccb0 
 d5e564c5f24b0d9320bc4908693d37e7e6d68bc6      2008 Feb 18 14:32 rd5e564c5 
    f79a585d57c61fbe9af5684a336918e1fe3e8416   2008 Feb 5  11:04 rf79a585d 
   cc1031a834b81aa6f835c282ad86deddabe229a0    2008 Jan 31 21:02 rcc1031a8 
    0fd769b5882058e5ebf17ee1c1e35b4a3d46e6b0   2008 Jan 2  13:57 r0fd769b5 
  5f961f28310a1cd19967df2034b0452bf4446394     2007 Dec 20 12:51 r5f961f28 
    1ff97991a4954d508cc260dda82b7678010d13c9   2007 Nov 15 17:01 r1ff97991 
   e8db8584ae4860aa991c916126335b287a972d5b    2007 Nov 14 00:11 re8db8584 
    fd97edb62463e50a1860290d54684a68d5490bdc   2007 Oct 8  16:13 rfd97edb6 
 b10a9668dc50d10489b2ae531d89c8ab7c408170      2007 Sep 26 14:01 rb10a9668 
    cfc614b1f9143ed1407733aaa81c4a980c613a63   2007 Aug 8  09:06 rcfc614b1 
   25658f838bd1bcd7559d7a032d127c626833fb7c    2007 Jul 16 13:03 r25658f83 
    ccac60bf035bb54661c13f306031def81e105a32   2007 Jun 25 10:23 rccac60bf 
90dcbcef878e0e708c871702a45381752707418a       2008 Feb 22 12:28 r90dcbcef 2.2.1
    866ae8873613a51ca09973f77aa1ea62477b54a1   2008 Feb 18 14:32 r866ae887 
   2c8f87be99957e0e18d8bcda46bd8706ab374253    2008 Feb 6  09:35 r2c8f87be 
0516e708abf01d1f83e2e8af9abe4c835ed79444       2008 Feb 5  17:39 r0516e708 2.2.0.90
    02d12583e313898a5f14ff968ac4360bce3eff3d   2008 Feb 5  11:36 r02d12583 
   48eac1a03785c6a795193bb884b2c23dcd5b815b    2008 Jan 31 18:26 r48eac1a0 
    633dbd28218fd8a746c1735fd44a14f35bd07faa   2008 Jan 17 22:34 r633dbd28 
  d3b41bcf231a6ffd289c128c06aa619f554a776c     2008 Jan 9  21:28 rd3b41bcf 
    83d304c61ad5fdc58b0a9309dbd1e5a3f6cd9b01   2008 Jan 2  10:50 r83d304c6 
   cd6f83519c69f72f146fea59afbd6a3542da783a    2007 Dec 10 05:49 rcd6f8351 
    7f9cefffbf44a2d07b51cc13aaf2d54fcd8f2f22   2007 Nov 16 15:56 r7f9cefff 
04b60b6d3436fb57163c23acf335364f0ea2f79c       2007 Nov 15 11:49 r04b60b6d 2.2.0
    53e3693ef13f31f3fc33bcff7286ab2b03b2d430   2007 Nov 14 16:24 r53e3693e 
   581509321e51becb8ee6ddcfaa15a2a713c9ef8e    2007 Nov 14 22:16 r58150932 
    62404a9c9c0d98efb69ac96209dea17331e0489c   2007 Nov 9  07:55 r62404a9c 
177924e879564b7e9e70fd607141978bfd053fff       2007 Nov 8  18:16 r177924e8 2.1.99
    eecd3ccedee6c4acf101591f7e60673660379e62   2007 Nov 8  09:31 reecd3cce 
   87345e820d20f1a98216c52e156c2e18c15ffa44    2007 Oct 22 14:22 r87345e82 
    74ac5de14ebb77aeb39d698e9e8d188c9d9abd76   2007 Oct 16 15:08 r74ac5de1 
  a6dc81a0864f9ab2f6fc1aa31002c0191f674ceb     2007 Oct 5  12:37 ra6dc81a0 
    5faee02e97b7543b41bb1f8e3751558c48802833   2007 Oct 10 13:55 r5faee02e 
   bf33c4e2d91172efd08690fadda7b3743dd3de62    2007 Oct 5  12:40 rbf33c4e2 
    0e5574e842eeaac75271ccd50027d3e54c57722d   2007 Sep 29 16:21 r0e5574e8 
 d02336290bea30de3c390b8121046c38fd6b0f62      2007 Sep 11 04:28 rd0233629 
    3fbbd0afde49c53a5a8661f75c8c8c4be3020c30   2007 Aug 28 17:48 r3fbbd0af 
   3d3bf493a3973f4067433d27a4d7ddfecaa18f1c    2007 Aug 26 22:27 r3d3bf493 
    e5c336eaa32be8f9379a2c1dd51006b85bc8b270   2007 Aug 16 12:04 re5c336ea 
  ba9a503ba2099025e393f3382bb453985ef23497     2007 Aug 10 15:06 rba9a503b 
    14691b24da5aa29d8c41ac7b7c61828e3cd9eab7   2007 Aug 9  09:41 r14691b24 
   5ff05dffe229e35da7619762628fdd0f125585e8    2007 Aug 6  16:01 r5ff05dff 
    857b4a7bcb69ca43b866b4283fe075abbafb1d22   2007 Jul 27 18:03 r857b4a7b 
 45962eed51120ff77326c29d72cf8b6cd8a934b5      2007 Jul 23 09:50 r45962eed 
    6f18300aed1340348c6d395f326061b5315be643   2007 Jul 9  21:29 r6f18300a 
   4359df9419d2d02a2f9d9adc7f5a49ecf07ddd30    2007 Jul 6  16:17 r4359df94 
    b384c608978dcd3d2ea6c0018179673cb4735f4c   2007 Jul 2  09:32 rb384c608 
69ea37ebf72b92d842aa80dfa3578e328c7ceaa3       2007 Aug 14 01:28 r69ea37eb 2.1.1
    ff5c9436bb94e2093775b6c8678641eba7291857   2007 Aug 7  09:13 rff5c9436 
   e64614e9374e54dfc6a2a5bac3d82218f793e400    2007 Jul 25 20:11 re64614e9 
3c552af65d28fafec1d09484a8914b690b961349       2007 Jul 2  18:33 r3c552af6 2.1.0
    5257e36f502676fd6a44bbb8e747d9138ed3bc5c   2007 Jun 28 15:29 r5257e36f 
   0e3c0b17826b7b5a21ee2c1d789b084fc167f1ed    2007 Jun 25 23:05 r0e3c0b17 
    d6e46f67ab3af1ad3bfa72acb0efd9fe79dbf1dc   2007 Jun 21 20:16 rd6e46f67 
  6c29e0bae5f1e7cee02b678418394abb971594eb     2007 Jun 13 13:40 r6c29e0ba 
    404fd47573f855b0442d49a383542fc093825ad0   2007 Jun 6  11:01 r404fd475 
   888a4a5f469bf955e3ee3e184b628808ae8a4498    2007 May 30 14:42 r888a4a5f 
    ff0ac8ea63dd6e55573652c5826c482881da0d62   2007 May 25 17:26 rff0ac8ea 
 2df87256df755e972eb884bc742832038a020b2c      2007 May 20 17:23 r2df87256 
    c0daa0a982e7074af4b50653b4a45b0a6352b43d   2007 May 16 14:02 rc0daa0a9 
   f3168e3b0c5664a322ca6bb1c81fc94844cb30ab    2007 May 2  14:08 rf3168e3b 
    7d0d34cfdcc67d07e7667e13a9413743853134f8   2007 Apr 30 10:39 r7d0d34cf 
31bf269afed0a830e79cbbd9d4b1ee9843af326c       2007 Apr 19 20:03 r31bf269a 2.0.0
    db4b9e18810990e8900bdf54aa3091b876ea2658   2007 Apr 18 13:52 rdb4b9e18 
   ab5bdee8a62c842ae32aaef57eb841ebcb644d2b    2007 Apr 17 16:23 rab5bdee8 
    bf9771e9711361632afe3abeeedca7ce03497005   2007 Apr 9  15:26 rbf9771e9 
d9d05b553ca1f98efc230ef13f34576122311ac1       2007 Apr 3  00:15 rd9d05b55 1.9.94
    e119eaabb2ad1ffc1d83f18199f49c52ec71b0fe   2007 Mar 30 17:09 re119eaab 
   2191634dd67b3219bb88f365bcf951d5a58140e8    2007 Mar 26 14:58 r2191634d 
    920aeaf8478f706ab3b1de4f20f5d351e64a0197   2007 Feb 7  13:15 r920aeaf8 
  98110591001dfaf2b8b5ac440bea0c38456da718     2007 Jan 17 10:45 r98110591 
    ddefce4f02eb3272ad37e890350f73f03eff73c9   2006 Dec 28 14:45 rddefce4f 
   db391e8e4c4d87bfe3ccad0de14dd5b47b69b8fe    2006 Nov 29 17:16 rdb391e8e 
    18ad7d5cf04081d89a9f978ccc7794116f7c498b   2006 Nov 29 16:04 r18ad7d5c 
 4198f1216eb13b30d1e92d4395e98861f4324c38      2006 Oct 10 15:50 r4198f121 
    52a4f2a02b8f38108bfa866bf74b1596b8125512   2006 Sep 25 14:35 r52a4f2a0 
768821bd3832aad01e44856199e60c6b7726a83b       2007 Mar 26 21:27 r768821bd 1.9.93
    28da6f4e307880326dd553f50fe3fff3b9be9f4f   2007 Mar 23 14:36 r28da6f4e 
   64c14204453bea3f98d19861c450612e718e6c69    2007 Mar 19 13:35 r64c14204 
    44d1b544cec2e75735d2e27d66a9240317b962c2   2007 Mar 17 17:15 r44d1b544 
  8ae6ad93329e2842c6f2d5b20ffeb0c14d10c0de     2007 Mar 15 00:00 r8ae6ad93 
9fbef2de9edbbed9c2f6a80c4074b9b245547c45       2007 Mar 14 12:34 r9fbef2de 1.9.92
    cf33abe43bd95c9437fad8e6201a24084ff96cb8   2007 Mar 13 10:08 rcf33abe4 
   ba55ff15df974197bebd871e28bb96d817ae41c7    2007 Mar 12 13:01 rba55ff15 
    14ee9195d203192d3f613919f230b20b900ffdba   2007 Mar 7  13:00 r14ee9195 
  1e1b45fa6ed1683cba4ae73ac98933e74c3ab9d6     2007 Mar 6  10:28 r1e1b45fa 
    7358642e64ab6d13bc1dc1a44703ee66d715ff61   2007 Mar 5  11:53 r7358642e 
   2212baa8454abb4c7948c3f2e20e337f831d1b86    2007 Feb 20 18:39 r2212baa8 
    85de57947570de6b3dc9197647be3e9237480880   2007 Jan 13 19:18 r85de5794 
 e065324661ad08b3b359136f48090232f6138959      2006 Nov 22 16:49 re0653246 
af565872a49a1a464ee4154c27136660b184c4c1       2007 Mar 4  21:20 raf565872 1.9.91
    435d35558d8135a2c1724dfd813fb4a9a4e14178   2007 Mar 3  22:46 r435d3555 
   1ac83f51ee46d65237eae1b5c767e106ac9e29bc    2007 Feb 27 13:58 r1ac83f51 
    aeeae1b40fc012bcc01fcd2243d4993de819b7cf   2007 Feb 26 09:13 raeeae1b4 
  681966ce6548c6f47b087eb7e369674b7ddbaade     2007 Feb 22 11:45 r681966ce 
    6e33c4c44030e05d6d07ca9274cfe4d6df2c0387   2007 Feb 15 09:54 r6e33c4c4 
   4bd4058dfdca84d6ebab82a1dfba99adf3852c9c    2007 Feb 13 14:29 r4bd4058d 
    44eacf2323454e26b535cc5a4f0789cb0ff0e7fb   2007 Feb 7  17:30 r44eacf23 
 d6bc03c379c46842676f640b8edb13ea828bf20c      2007 Feb 1  11:28 rd6bc03c3 
    6a628ae12b0568d656059891c5bca4415d8a735f   2007 Jan 30 14:19 r6a628ae1 
   7a5f17087bda2833e84fa7e7ff0cb168943b89b6    2007 Jan 27 00:11 r7a5f1708 
    7161e824e89a6a69f1277e510f2344ad31721f62   2007 Jan 19 15:15 r7161e824 
  f256243fff195f73bc8aa72e8dd2c6f7b33446cf     2007 Jan 17 16:01 rf256243f 
    6874a6f25ac87783d3770f77b9192e2d36d083a3   2007 Jan 11 12:34 r6874a6f2 
   0fd2752f199928f846fe03c9087f7b6d48cc28d9    2007 Jan 4  14:35 r0fd2752f 
    0bf04fe78a8a915310ef8a90f5c7872be7476e2e   2006 Dec 4  15:48 r0bf04fe7 
 70276e4e9a8a5026ec436d2be5bf5eab868aa178      2006 Nov 29 16:30 r70276e4e 
    ca608028c5301700444d39a1c631cc0d5648e1a2   2006 Sep 28 13:55 rca608028 
   394124ceaadb46d976ad5c3bdeb1b77d351c57f6    2007 Jan 2  16:57 r394124ce 
    25d5a892319b02dc6eb81390dea29cd88a1e7da4   2006 Dec 31 15:39 r25d5a892 
  f7b1d4c1f7d17a811e17c6a17861ff70be9fbdd7     2006 Dec 28 22:18 rf7b1d4c1 
    778db49616b233f5a2f4f007ceb62a1a878a6e25   2006 Dec 28 11:36 r778db496 
   f830c55e5f4efc97451240f8f18b49f46e8bce0f    2006 Dec 27 18:14 rf830c55e 
    d8c5dba4d797fc50d7b2b5855f34e2d2e2ad3e4f   2006 Dec 21 21:20 rd8c5dba4 
 05cd921140fae2746c3421715d7f18248a66735a      2006 Dec 19 16:21 r05cd9211 
    7b8056e3e347b15b37be0116315d7d3a23aef99f   2006 Dec 19 01:32 r7b8056e3 
   3167bc6b24bd74c50ca4c4d361b14aa24d77cfa3    2006 Dec 18 13:45 r3167bc6b 
    9b1a1b170befae2e705c23ce295837d0d13b60c0   2006 Dec 16 16:53 r9b1a1b17 
  3fa5b3998353518c40e2fb0c28b425ee22c8d625     2006 Dec 13 11:54 r3fa5b399 
    9776f6c68b3cdd5585e58e677c1b1318d9aedaf4   2006 Dec 12 16:02 r9776f6c6 
   3f3791ba2ece8e8a7aa3a5676f5f6361862a292c    2006 Dec 11 15:20 r3f3791ba 
    c6ce8a3c3355e8a56e86856caa56baf1cd3c0231   2006 Dec 6  17:07 rc6ce8a3c 
 727bf1cbf72362edcbdd68001a3558fd2b2b4eca      2006 Dec 6  10:12 r727bf1cb 
    eee23fdd0dadd38a2b80525ec886120150f91077   2006 Dec 5  18:19 reee23fdd 
   f21230d3e1cc5470e8f88404b5d9f1702bec44bb    2006 Dec 1  12:48 rf21230d3 
    16e01b117bb7ae90b150dd4f25a887dd895cf473   2006 Nov 30 11:55 r16e01b11 
  2c8c310bd8a105dbeda5c989dca31cc766eb6bb8     2006 Nov 27 22:18 r2c8c310b 
    2529863a1ade782819d76be2d0dc16e89028c1e3   2006 Nov 26 16:44 r2529863a 
   28224af3d90a1a08d54a865dfaf20184330fe8a4    2006 Nov 19 00:40 r28224af3 
    dd1dcfab0ab0f2d0c25077fa663209e2762f26e8   2006 Nov 10 11:08 rdd1dcfab 
 35ab689bbde5f74752598cd743d735640486b639      2006 Nov 8  19:35 r35ab689b 
    68c3185046b27ab936ca6c92b924b443b3cd6fce   2006 Nov 5  13:30 r68c31850 
   27df2ff7908ea7ea2943a5f3445e12dbc24d97c9    2006 Nov 3  15:55 r27df2ff7 
    f22d9bcc25aea19ba38d35282367b591fd1b7ca0   2006 Nov 2  13:34 rf22d9bcc 
  97c3a1b2421031e41f0b2b1630fde1dc4262d264     2006 Nov 1  13:04 r97c3a1b2 
    9fd719fce27f916ab5120f6e1234affa14eaed9d   2006 Oct 31 14:29 r9fd719fc 
   71545db4614cfc4650acc4325912474e777c3b36    2006 Oct 30 09:46 r71545db4 
    88c12f577f80fa132ec45cdf456d8060f2ece4fd   2006 Oct 23 18:57 r88c12f57 
 2591c1fcf15608d96031be4760cf08534461ca34      2006 Oct 9  14:20 r2591c1fc 
    0a5504e59f90abecedd81a8435b88a60fe098f29   2006 Oct 5  09:11 r0a5504e5 
   117ff04b504578a24dff70659e2db1b81aaa1177    2006 Sep 21 17:03 r117ff04b 
    2cd28be71472d67956f47c7d49283ebabefa089a   2006 Sep 22 08:55 r2cd28be7 
  5adb05f0b82ee3a168142d803ab3434f75cf15a3     2006 Sep 19 17:14 r5adb05f0 
    59ce4180b95270432540624a1fdf7ae8dd18a7f3   2006 Sep 11 22:57 r59ce4180 
   6f0d352b83fc9f39dd86edbda9af83243b50c764    2006 Aug 24 18:16 r6f0d352b 
    cffd2cd36d0437b38ac8164d66ea71be50b19330   2006 Jul 26 13:22 rcffd2cd3 
 45cb032e2b7ac1e4c765fc29a2e4dd0cef19066d      2006 Jul 20 17:34 r45cb032e 
    3e86bf4273241daa23645f5a8104913e4205a74b   2006 Jul 20 13:43 r3e86bf42 
   449e4be503c8b938d5bd46ee810244f8bcf54ceb    2006 Jul 19 13:34 r449e4be5 
    04d1584737fd0d14e99608a97281fd7b1549ae0e   2006 Jul 14 16:14 r04d15847 
  b912bf5673e38e03b0b25c2f5d05fe7e26994ba1     2006 Jul 10 18:35 rb912bf56 
    5a8f6a486d79f50d2d659e615283289d59f9caa4   2006 Jul 8  15:26 r5a8f6a48 
   367f69f8e7710e53dcd286f1b62506a3276e80f9    2006 Jun 28 13:10 r367f69f8 
    51d14f803aae6d0a738520c3cad110289ee444db   2006 Jun 26 10:21 r51d14f80 
 72e25a7488c2eabcc92e9e0769a89dee687f52fd      2006 Jun 21 16:04 r72e25a74 
    2fb375b665f4802819b89f2277fd6154006c11ee   2006 Jun 19 13:24 r2fb375b6 
   b3d79ad9ecc70e9f841092fc75b7e23576b685dd    2006 May 18 16:31 rb3d79ad9 
    fb10966e9f43f44488097b0daf2fbe10c6a804dc   2006 May 4  18:52 rfb10966e 
  a555e28e5afc81969ef7b28482e654cc26b3a446     2006 Apr 24 16:55 ra555e28e 
    729c373121ce2bbb0d813cc923f1254e8b37a025   2006 Apr 20 13:34 r729c3731 
   d8f7dfac769d7b03f069306b1296bb2e1e08b009    2006 Apr 19 10:45 rd8f7dfac 
    d6edffee7d987ef551e1a94d9fac21beb72a9598   2006 Apr 12 12:16 rd6edffee 
 69083a2fc3ca4a3d06c1985c8a630d5628c1110c      2006 Apr 3  16:29 r69083a2f 
    e45581cd073b23a62719f20783d617bd35316fec   2006 Mar 28 13:40 re45581cd 
   6414ad89b9d368a032adf2358a65404f5443ef35    2006 Mar 23 09:48 r6414ad89 
    33c62e8e654fa2228bc3fd31ec0fe010703f363a   2006 Mar 2  17:53 r33c62e8e 
  980fb78e759b752a6cae3c87d188c50ab131ba80     2006 Mar 2  10:49 r980fb78e 
    7746da3b346968ab8d2534fc158d026da67cc7b5   2006 Mar 1  12:49 r7746da3b 
   4955cd267e7f8ed70e90b2a3de6f93de2ef859c8    2006 Feb 27 09:37 r4955cd26 
efb75f56053ee06f1dbd4edfaea9986b27162afb       2007 Jan 9  14:05 refb75f56 1.7.4
99f6f84076b25af69dc226e6d4704c74d207e657       2006 Dec 7  09:47 r99f6f840 1.7.3
    7d67324fa3a5b5cf0227550316c366752fe4abfb   2006 Oct 23 17:29 r7d67324f 
1d4cfaa391ac41099de11b8f3b21e5eb56543909       2006 Oct 13 13:55 r1d4cfaa3 1.7.2
334aa062c333f2c59bc40e1b9239d3ea71c88a8f       2006 Oct 13 12:59 r334aa062 1.7.1
f337eea9e73cbf5c71d07df50d2e5b661a1f34cf       2006 Oct 2  11:16 rf337eea9 1.7.0
    06c5f7bd076e9ba4b925e061a40b837714bc8267   2006 Aug 30 19:45 r06c5f7bd 
   1feb733eb8b09a8b07b7a6987add5149c53b0157    2006 Aug 29 14:54 r1feb733e 
    2a4e486d2990af433e915cfa26dc57cae02e01b7   2006 Aug 11 11:07 r2a4e486d 
4cfed93df6b23903704348cafe050a6546e84479       2006 Aug 10 15:41 r4cfed93d 1.6.5
    32f1199937e92b9100aba52cbbb97157014e3182   2006 Jul 24 15:42 r32f11999 
bb6080735efc40e103e92b65d0c2f1f729156632       2006 Aug 9  12:21 rbb608073 1.6.4
    bc5f56568021d8c63313e2b6bf30710e7516c04a   2006 Aug 8  15:48 rbc5f5656 
   4525379d95ff292d7322e1a7a516c0bedd1f7543    2006 Aug 3  16:03 r4525379d 
    82037a12758c41a304f2e0bbd033d3345cccbe1a   2006 Aug 2  19:33 r82037a12 
  ba896c779c697e1d7458028798ec49013bd9da9f     2006 Aug 2  17:47 rba896c77 
    9c111d89fe19f1773af2eefb000e1c2389b4b6e1   2006 May 27 19:52 r9c111d89 
   de06cd70a9edb8b56d05d3f505137f7c7f083c2f    2006 May 18 18:27 rde06cd70 
    29a8e88ed01c9e15a2ceba5eb62b19773e14c1f8   2006 May 15 17:19 r29a8e88e 
 3af4a967e73b367bb531f2760b4803db1388bcf9      2006 May 9  16:50 r3af4a967 
    78b95386b630039864b31954ebcd02ec8829b0c8   2006 May 12 16:09 r78b95386 
bb65a4dc55b416437d61ccbee8b6056fe8e08357       2006 Aug 8  14:51 rbb65a4dc 1.6.3
3661d4df86db012682ab4b393287aa02e9fc8453       2006 Aug 8  12:25 r3661d4df 1.6.2
    ac3ad32f667b306e771617d784648f7111743f1a   2006 Jul 27 15:28 rac3ad32f 
